<?xml version="1.0" encoding="UTF-8"?>
<testsuite name="org.apache.nifi.registry.properties.AESSensitivePropertyProviderTest" time="0.343" tests="15" errors="0" skipped="0" failures="0">
  <properties>
[...]
</properties>
  <testcase name="testShouldNotAllowIncorrectlySizedKey" classname="org.apache.nifi.registry.properties.AESSensitivePropertyProviderTest" time="0.006"/>
  <testcase name="testShouldHandleUnprotectMalformedIV" classname="org.apache.nifi.registry.properties.AESSensitivePropertyProviderTest" time="0.092"/>
  <testcase name="testShouldHandleUnprotectEmptyCipherText" classname="org.apache.nifi.registry.properties.AESSensitivePropertyProviderTest" time="0.025"/>
  <testcase name="testShouldDecryptPaddedValueWith256BitKey" classname="org.apache.nifi.registry.properties.AESSensitivePropertyProviderTest" time="0.006"/>
  <testcase name="testShouldNotAllowInvalidKey" classname="org.apache.nifi.registry.properties.AESSensitivePropertyProviderTest" time="0.002"/>
  <testcase name="testShouldUnprotectValueWithWhitespace" classname="org.apache.nifi.registry.properties.AESSensitivePropertyProviderTest" time="0.051"/>
  <testcase name="testShouldProtectValue" classname="org.apache.nifi.registry.properties.AESSensitivePropertyProviderTest" time="0.029"/>
  <testcase name="testShouldUnprotectValue" classname="org.apache.nifi.registry.properties.AESSensitivePropertyProviderTest" time="0.02"/>
  <testcase name="testShouldHandleUnprotectMalformedValue" classname="org.apache.nifi.registry.properties.AESSensitivePropertyProviderTest" time="0.038"/>
  <testcase name="testShouldNotAllowEmptyKey" classname="org.apache.nifi.registry.properties.AESSensitivePropertyProviderTest" time="0.002"/>
  <testcase name="testShouldHandleUnprotectEmptyValue" classname="org.apache.nifi.registry.properties.AESSensitivePropertyProviderTest" time="0.017"/>
  <testcase name="testShouldEncryptArbitraryValues" classname="org.apache.nifi.registry.properties.AESSensitivePropertyProviderTest" time="0.015"/>
  <testcase name="testShouldHandleUnprotectMissingIV" classname="org.apache.nifi.registry.properties.AESSensitivePropertyProviderTest" time="0.017"/>
  <testcase name="testShouldGetIdentifierKeyWithDifferentMaxKeyLengths" classname="org.apache.nifi.registry.properties.AESSensitivePropertyProviderTest" time="0.008"/>
  <testcase name="testShouldHandleProtectEmptyValue" classname="org.apache.nifi.registry.properties.AESSensitivePropertyProviderTest" time="0.015"/>
</testsuite>