<?xml version="1.0" encoding="UTF-8"?>
<testsuite name="org.apache.nifi.registry.service.TestRegistryService" time="2.559" tests="49" errors="0" skipped="0" failures="0">
  <properties>
[...]
</properties>
  <testcase name="testGetDiffReturnsRemovedComponentChanges" classname="org.apache.nifi.registry.service.TestRegistryService" time="1.115"/>
  <testcase name="testCreateSnapshotNullMetadata" classname="org.apache.nifi.registry.service.TestRegistryService" time="0.17"/>
  <testcase name="testCreateSnapshotVersionAlreadyExists" classname="org.apache.nifi.registry.service.TestRegistryService" time="0.08"/>
  <testcase name="testGetLatestSnapshotMetadataWhenVersionsExist" classname="org.apache.nifi.registry.service.TestRegistryService" time="0.018"/>
  <testcase name="testDeleteFlowDoesNotExist" classname="org.apache.nifi.registry.service.TestRegistryService" time="0.02"/>
  <testcase name="testUpdateFlowDoesNotExist" classname="org.apache.nifi.registry.service.TestRegistryService" time="0.02"/>
  <testcase name="testUpdateFlowWithoutId" classname="org.apache.nifi.registry.service.TestRegistryService" time="0.023"/>
  <testcase name="testCreateBucketValid" classname="org.apache.nifi.registry.service.TestRegistryService" time="0.035"/>
  <testcase name="testCreateSnapshotInvalidFlowContents" classname="org.apache.nifi.registry.service.TestRegistryService" time="0.036"/>
  <testcase name="testGetFlowDirectDoesNotExist" classname="org.apache.nifi.registry.service.TestRegistryService" time="0.02"/>
  <testcase name="testCreateFirstSnapshotWithBadVersion" classname="org.apache.nifi.registry.service.TestRegistryService" time="0.091"/>
  <testcase name="testUpdateFlow" classname="org.apache.nifi.registry.service.TestRegistryService" time="0.03"/>
  <testcase name="testGetDiffReturnsChangesInChronologicalOrder" classname="org.apache.nifi.registry.service.TestRegistryService" time="0.024"/>
  <testcase name="testGetFlowDoesNotExist" classname="org.apache.nifi.registry.service.TestRegistryService" time="0.042"/>
  <testcase name="testUpdateBucketPartial" classname="org.apache.nifi.registry.service.TestRegistryService" time="0.05"/>
  <testcase name="testGetFlowDirectExists" classname="org.apache.nifi.registry.service.TestRegistryService" time="0.018"/>
  <testcase name="testGetSnapshotExists" classname="org.apache.nifi.registry.service.TestRegistryService" time="0.015"/>
  <testcase name="testCreateSnapshotVersionNotNextVersion" classname="org.apache.nifi.registry.service.TestRegistryService" time="0.035"/>
  <testcase name="testCreateSnapshotInvalidMetadata" classname="org.apache.nifi.registry.service.TestRegistryService" time="0.04"/>
  <testcase name="testUpdateBucket" classname="org.apache.nifi.registry.service.TestRegistryService" time="0.024"/>
  <testcase name="testDeleteSnapshotExists" classname="org.apache.nifi.registry.service.TestRegistryService" time="0.025"/>
  <testcase name="testDeleteSnapshotDoesNotExist" classname="org.apache.nifi.registry.service.TestRegistryService" time="0.019"/>
  <testcase name="testDeleteBucketDoesNotExist" classname="org.apache.nifi.registry.service.TestRegistryService" time="0.018"/>
  <testcase name="testCreateBucketWithSameName" classname="org.apache.nifi.registry.service.TestRegistryService" time="0.028"/>
  <testcase name="testCreateSnapshotNullFlowContents" classname="org.apache.nifi.registry.service.TestRegistryService" time="0.032"/>
  <testcase name="testCreateSnapshotFlowDoesNotExist" classname="org.apache.nifi.registry.service.TestRegistryService" time="0.04"/>
  <testcase name="testGetSnapshotDoesNotExistInMetadataProvider" classname="org.apache.nifi.registry.service.TestRegistryService" time="0.017"/>
  <testcase name="testDeleteFlowWithSnapshots" classname="org.apache.nifi.registry.service.TestRegistryService" time="0.017"/>
  <testcase name="testUpdateFlowWithSameNameAsExistingFlow" classname="org.apache.nifi.registry.service.TestRegistryService" time="0.018"/>
  <testcase name="testDeleteBucketWithFlows" classname="org.apache.nifi.registry.service.TestRegistryService" time="0.015"/>
  <testcase name="testGetBucketDoesNotExist" classname="org.apache.nifi.registry.service.TestRegistryService" time="0.018"/>
  <testcase name="testGetExistingBucket" classname="org.apache.nifi.registry.service.TestRegistryService" time="0.017"/>
  <testcase name="testGetLatestSnapshotMetadataWhenNoVersionsExist" classname="org.apache.nifi.registry.service.TestRegistryService" time="0.016"/>
  <testcase name="testCreateFlowValid" classname="org.apache.nifi.registry.service.TestRegistryService" time="0.032"/>
  <testcase name="testUpdateBucketWithSameNameAsExistingBucket" classname="org.apache.nifi.registry.service.TestRegistryService" time="0.018"/>
  <testcase name="testGetFlowsByBucketExists" classname="org.apache.nifi.registry.service.TestRegistryService" time="0.02"/>
  <testcase name="testCreateFlowWithSameName" classname="org.apache.nifi.registry.service.TestRegistryService" time="0.034"/>
  <testcase name="testGetFlowSnapshotsWhenNoSnapshots" classname="org.apache.nifi.registry.service.TestRegistryService" time="0.022"/>
  <testcase name="testCreateSnapshotBucketDoesNotExist" classname="org.apache.nifi.registry.service.TestRegistryService" time="0.029"/>
  <testcase name="testGetSnapshotDoesNotExistInPersistenceProvider" classname="org.apache.nifi.registry.service.TestRegistryService" time="0.016"/>
  <testcase name="testGetFlowExists" classname="org.apache.nifi.registry.service.TestRegistryService" time="0.017"/>
  <testcase name="testGetFlowSnapshots" classname="org.apache.nifi.registry.service.TestRegistryService" time="0.018"/>
  <testcase name="testCreateFlowBucketDoesNotExist" classname="org.apache.nifi.registry.service.TestRegistryService" time="0.034"/>
  <testcase name="testCreateFlowInvalid" classname="org.apache.nifi.registry.service.TestRegistryService" time="0.028"/>
  <testcase name="testGetFlowsByBucketDoesNotExist" classname="org.apache.nifi.registry.service.TestRegistryService" time="0.016"/>
  <testcase name="testUpdateBucketWithoutId" classname="org.apache.nifi.registry.service.TestRegistryService" time="0.016"/>
  <testcase name="testCreateFirstSnapshot" classname="org.apache.nifi.registry.service.TestRegistryService" time="0.034"/>
  <testcase name="testCreateBucketWithMissingName" classname="org.apache.nifi.registry.service.TestRegistryService" time="0.022"/>
  <testcase name="testUpdateBucketDoesNotExist" classname="org.apache.nifi.registry.service.TestRegistryService" time="0.017"/>
</testsuite>