<?xml version="1.0" encoding="UTF-8"?>
<testsuite name="org.apache.nifi.registry.db.TestDatabaseMetadataService" time="1.049" tests="65" errors="0" skipped="0" failures="0">
  <properties>
[...]
</properties>
  <testcase name="testGetExtensionBundleVersionByBucketGroupArtifactVersionWhenDoesNotExist" classname="org.apache.nifi.registry.db.TestDatabaseMetadataService" time="0.101"/>
  <testcase name="testGetFlowByIdWhenDoesNotExist" classname="org.apache.nifi.registry.db.TestDatabaseMetadataService" time="0.045"/>
  <testcase name="testGetExtensionByIdDoesNotExist" classname="org.apache.nifi.registry.db.TestDatabaseMetadataService" time="0.035"/>
  <testcase name="testGetExtensionBundleVersionByBundleIdAndVersion" classname="org.apache.nifi.registry.db.TestDatabaseMetadataService" time="0.018"/>
  <testcase name="testGetExtensionBundles" classname="org.apache.nifi.registry.db.TestDatabaseMetadataService" time="0.017"/>
  <testcase name="testGetExtensionsByBundleCoordinateDoesNotExist" classname="org.apache.nifi.registry.db.TestDatabaseMetadataService" time="0.01"/>
  <testcase name="testGetExtensionBundleVersionsByBundleId" classname="org.apache.nifi.registry.db.TestDatabaseMetadataService" time="0.018"/>
  <testcase name="testGetExtensionBundleVersionDependenciesWhenNoneExist" classname="org.apache.nifi.registry.db.TestDatabaseMetadataService" time="0.02"/>
  <testcase name="testDeleteBucketWithExtensionBundles" classname="org.apache.nifi.registry.db.TestDatabaseMetadataService" time="0.028"/>
  <testcase name="testCreateExtensionBundleVersion" classname="org.apache.nifi.registry.db.TestDatabaseMetadataService" time="0.031"/>
  <testcase name="testGetFlowsByBucket" classname="org.apache.nifi.registry.db.TestDatabaseMetadataService" time="0.014"/>
  <testcase name="testGetFlowsByName" classname="org.apache.nifi.registry.db.TestDatabaseMetadataService" time="0.015"/>
  <testcase name="testGetAllBuckets" classname="org.apache.nifi.registry.db.TestDatabaseMetadataService" time="0.013"/>
  <testcase name="testUpdateFlow" classname="org.apache.nifi.registry.db.TestDatabaseMetadataService" time="0.015"/>
  <testcase name="testGetExtensionBundleVersionsByBucketGroupArtifact" classname="org.apache.nifi.registry.db.TestDatabaseMetadataService" time="0.013"/>
  <testcase name="testGetBucketsByName" classname="org.apache.nifi.registry.db.TestDatabaseMetadataService" time="0.008"/>
  <testcase name="testGetExtensionBundleVersionDependencies" classname="org.apache.nifi.registry.db.TestDatabaseMetadataService" time="0.01"/>
  <testcase name="testGetFlowByIdWhenExists" classname="org.apache.nifi.registry.db.TestDatabaseMetadataService" time="0.01"/>
  <testcase name="testGetExtensionBundlesByBucketAndGroup" classname="org.apache.nifi.registry.db.TestDatabaseMetadataService" time="0.009"/>
  <testcase name="testGetItemsWithCounts" classname="org.apache.nifi.registry.db.TestDatabaseMetadataService" time="0.021"/>
  <testcase name="testGetBucketsForIds" classname="org.apache.nifi.registry.db.TestDatabaseMetadataService" time="0.019"/>
  <testcase name="testDeleteExtensionBundleVersion" classname="org.apache.nifi.registry.db.TestDatabaseMetadataService" time="0.013"/>
  <testcase name="testGetFlowSnapshotsNoneFound" classname="org.apache.nifi.registry.db.TestDatabaseMetadataService" time="0.009"/>
  <testcase name="testCreateFlowSnapshot" classname="org.apache.nifi.registry.db.TestDatabaseMetadataService" time="0.01"/>
  <testcase name="testGetExtensionBundleByGroupArtifactDoesNotExist" classname="org.apache.nifi.registry.db.TestDatabaseMetadataService" time="0.009"/>
  <testcase name="testGetExtensionById" classname="org.apache.nifi.registry.db.TestDatabaseMetadataService" time="0.014"/>
  <testcase name="testGetExtensionTags" classname="org.apache.nifi.registry.db.TestDatabaseMetadataService" time="0.012"/>
  <testcase name="testGetFlowsByNameByBucket" classname="org.apache.nifi.registry.db.TestDatabaseMetadataService" time="0.011"/>
  <testcase name="testUpdateBucket" classname="org.apache.nifi.registry.db.TestDatabaseMetadataService" time="0.011"/>
  <testcase name="testCreateAndGetBucket" classname="org.apache.nifi.registry.db.TestDatabaseMetadataService" time="0.013"/>
  <testcase name="testGetExtensionsByBundleVersionIdDoesNotExist" classname="org.apache.nifi.registry.db.TestDatabaseMetadataService" time="0.009"/>
  <testcase name="testGetExtensionBundleVersionsGlobal" classname="org.apache.nifi.registry.db.TestDatabaseMetadataService" time="0.008"/>
  <testcase name="testGetExtensionBundlesByBucket" classname="org.apache.nifi.registry.db.TestDatabaseMetadataService" time="0.015"/>
  <testcase name="testGetAllExtensions" classname="org.apache.nifi.registry.db.TestDatabaseMetadataService" time="0.026"/>
  <testcase name="testGetExtensionsByCategory" classname="org.apache.nifi.registry.db.TestDatabaseMetadataService" time="0.022"/>
  <testcase name="testDeleteExtension" classname="org.apache.nifi.registry.db.TestDatabaseMetadataService" time="0.011"/>
  <testcase name="testDeleteBucketWithChildren" classname="org.apache.nifi.registry.db.TestDatabaseMetadataService" time="0.011"/>
  <testcase name="testGetBucketItemsForBucket" classname="org.apache.nifi.registry.db.TestDatabaseMetadataService" time="0.013"/>
  <testcase name="testGetExtensionBundleVersionByBundleIdAndVersionDoesNotExist" classname="org.apache.nifi.registry.db.TestDatabaseMetadataService" time="0.012"/>
  <testcase name="testDeleteFlowSnapshot" classname="org.apache.nifi.registry.db.TestDatabaseMetadataService" time="0.011"/>
  <testcase name="testDeleteFlowWithSnapshots" classname="org.apache.nifi.registry.db.TestDatabaseMetadataService" time="0.022"/>
  <testcase name="testCreateExtensionBundleVersionDependency" classname="org.apache.nifi.registry.db.TestDatabaseMetadataService" time="0.019"/>
  <testcase name="testGetFlowSnapshot" classname="org.apache.nifi.registry.db.TestDatabaseMetadataService" time="0.009"/>
  <testcase name="testCreateFlow" classname="org.apache.nifi.registry.db.TestDatabaseMetadataService" time="0.012"/>
  <testcase name="testDeleteBucketNoChildren" classname="org.apache.nifi.registry.db.TestDatabaseMetadataService" time="0.009"/>
  <testcase name="testGetExtensionBundleByGroupArtifact" classname="org.apache.nifi.registry.db.TestDatabaseMetadataService" time="0.015"/>
  <testcase name="testGetBucketDoesNotExist" classname="org.apache.nifi.registry.db.TestDatabaseMetadataService" time="0.013"/>
  <testcase name="testGetExtensionBundleById" classname="org.apache.nifi.registry.db.TestDatabaseMetadataService" time="0.009"/>
  <testcase name="testDeleteExtensionBundle" classname="org.apache.nifi.registry.db.TestDatabaseMetadataService" time="0.013"/>
  <testcase name="testGetLatestSnapshotDoesNotExist" classname="org.apache.nifi.registry.db.TestDatabaseMetadataService" time="0.012"/>
  <testcase name="testCreateExtensionBundle" classname="org.apache.nifi.registry.db.TestDatabaseMetadataService" time="0.016"/>
  <testcase name="testGetExtensionBundleVersionsByBundleIdWhenDoesNotExist" classname="org.apache.nifi.registry.db.TestDatabaseMetadataService" time="0.012"/>
  <testcase name="testGetLatestSnapshot" classname="org.apache.nifi.registry.db.TestDatabaseMetadataService" time="0.01"/>
  <testcase name="testGetItemsWithCountsFilteredByBuckets" classname="org.apache.nifi.registry.db.TestDatabaseMetadataService" time="0.018"/>
  <testcase name="testGetExtensionBundleVersionsByBucketGroupArtifactWhenDoesNotExist" classname="org.apache.nifi.registry.db.TestDatabaseMetadataService" time="0.017"/>
  <testcase name="testGetExtensionBundleVersionByBucketGroupArtifactVersion" classname="org.apache.nifi.registry.db.TestDatabaseMetadataService" time="0.014"/>
  <testcase name="testGetBucketsByNameNoneFound" classname="org.apache.nifi.registry.db.TestDatabaseMetadataService" time="0.014"/>
  <testcase name="testGetFlowSnapshotDoesNotExist" classname="org.apache.nifi.registry.db.TestDatabaseMetadataService" time="0.018"/>
  <testcase name="testGetFlowSnapshots" classname="org.apache.nifi.registry.db.TestDatabaseMetadataService" time="0.008"/>
  <testcase name="testGetFlowByIdWithSnapshotCount" classname="org.apache.nifi.registry.db.TestDatabaseMetadataService" time="0.011"/>
  <testcase name="testGetExtensionsByBundleCoordinate" classname="org.apache.nifi.registry.db.TestDatabaseMetadataService" time="0.008"/>
  <testcase name="testGetBucketItemsForBuckets" classname="org.apache.nifi.registry.db.TestDatabaseMetadataService" time="0.01"/>
  <testcase name="testGetExtensionBundleDoesNotExist" classname="org.apache.nifi.registry.db.TestDatabaseMetadataService" time="0.018"/>
  <testcase name="testGetExtensionsByBundleVersionId" classname="org.apache.nifi.registry.db.TestDatabaseMetadataService" time="0.012"/>
  <testcase name="testCreateExtension" classname="org.apache.nifi.registry.db.TestDatabaseMetadataService" time="0.02"/>
</testsuite>